High Performance MPEG 1.0/2.0/2.5 Audio Player for Layer 1, 2, and 3.
Version 0.3.2-1 (2012/03/25). Written and copyrights by Joe Drew,
now maintained by Nanakos Chrysostomos and others.
Uses code from various people. See 'README' for more!
THIS SOFTWARE COMES WITH ABSOLUTELY NO WARRANTY! USE AT YOUR OWN RISK!
tcgetattr(): Inappropriate ioctl for device

Directory: /home/pi/TurboPi/FlaskFunctions/voices
Playing MPEG stream from fear.mp3 ...
MPEG 2.0 layer III, 160 kbit/s, 24000 Hz mono
                                                                            
[0:01] Decoding of fear.mp3 finished.
High Performance MPEG 1.0/2.0/2.5 Audio Player for Layer 1, 2, and 3.
Version 0.3.2-1 (2012/03/25). Written and copyrights by Joe Drew,
now maintained by Nanakos Chrysostomos and others.
Uses code from various people. See 'README' for more!
THIS SOFTWARE COMES WITH ABSOLUTELY NO WARRANTY! USE AT YOUR OWN RISK!
tcgetattr(): Inappropriate ioctl for device

Directory: /home/pi/TurboPi/FlaskFunctions/voices
Playing MPEG stream from sad.mp3 ...
MPEG 2.0 layer III, 160 kbit/s, 24000 Hz mono
                                                                            
[0:01] Decoding of sad.mp3 finished.
High Performance MPEG 1.0/2.0/2.5 Audio Player for Layer 1, 2, and 3.
Version 0.3.2-1 (2012/03/25). Written and copyrights by Joe Drew,
now maintained by Nanakos Chrysostomos and others.
Uses code from various people. See 'README' for more!
THIS SOFTWARE COMES WITH ABSOLUTELY NO WARRANTY! USE AT YOUR OWN RISK!
tcgetattr(): Inappropriate ioctl for device

Directory: /home/pi/TurboPi/FlaskFunctions/voices
Playing MPEG stream from neutral.mp3 ...
MPEG 2.0 layer III, 160 kbit/s, 24000 Hz mono
                                                                            
[0:01] Decoding of neutral.mp3 finished.
High Performance MPEG 1.0/2.0/2.5 Audio Player for Layer 1, 2, and 3.
Version 0.3.2-1 (2012/03/25). Written and copyrights by Joe Drew,
now maintained by Nanakos Chrysostomos and others.
Uses code from various people. See 'README' for more!
THIS SOFTWARE COMES WITH ABSOLUTELY NO WARRANTY! USE AT YOUR OWN RISK!
tcgetattr(): Inappropriate ioctl for device

Directory: /home/pi/TurboPi/FlaskFunctions/voices
Playing MPEG stream from neutral.mp3 ...
MPEG 2.0 layer III, 160 kbit/s, 24000 Hz mono
                                                                            
[0:01] Decoding of neutral.mp3 finished.
High Performance MPEG 1.0/2.0/2.5 Audio Player for Layer 1, 2, and 3.
Version 0.3.2-1 (2012/03/25). Written and copyrights by Joe Drew,
now maintained by Nanakos Chrysostomos and others.
Uses code from various people. See 'README' for more!
THIS SOFTWARE COMES WITH ABSOLUTELY NO WARRANTY! USE AT YOUR OWN RISK!
tcgetattr(): Inappropriate ioctl for device

Directory: /home/pi/TurboPi/FlaskFunctions/voices
Playing MPEG stream from neutral.mp3 ...
MPEG 2.0 layer III, 160 kbit/s, 24000 Hz mono
                                                                            
[0:01] Decoding of neutral.mp3 finished.
High Performance MPEG 1.0/2.0/2.5 Audio Player for Layer 1, 2, and 3.
Version 0.3.2-1 (2012/03/25). Written and copyrights by Joe Drew,
now maintained by Nanakos Chrysostomos and others.
Uses code from various people. See 'README' for more!
THIS SOFTWARE COMES WITH ABSOLUTELY NO WARRANTY! USE AT YOUR OWN RISK!
tcgetattr(): Inappropriate ioctl for device

Directory: /home/pi/TurboPi/FlaskFunctions/voices
Playing MPEG stream from neutral.mp3 ...
MPEG 2.0 layer III, 160 kbit/s, 24000 Hz mono
                                                                            
[0:01] Decoding of neutral.mp3 finished.
High Performance MPEG 1.0/2.0/2.5 Audio Player for Layer 1, 2, and 3.
Version 0.3.2-1 (2012/03/25). Written and copyrights by Joe Drew,
now maintained by Nanakos Chrysostomos and others.
Uses code from various people. See 'README' for more!
THIS SOFTWARE COMES WITH ABSOLUTELY NO WARRANTY! USE AT YOUR OWN RISK!
tcgetattr(): Inappropriate ioctl for device

Directory: /home/pi/TurboPi/FlaskFunctions/voices
Playing MPEG stream from sad.mp3 ...
MPEG 2.0 layer III, 160 kbit/s, 24000 Hz mono
                                                                            
[0:01] Decoding of sad.mp3 finished.
High Performance MPEG 1.0/2.0/2.5 Audio Player for Layer 1, 2, and 3.
Version 0.3.2-1 (2012/03/25). Written and copyrights by Joe Drew,
now maintained by Nanakos Chrysostomos and others.
Uses code from various people. See 'README' for more!
THIS SOFTWARE COMES WITH ABSOLUTELY NO WARRANTY! USE AT YOUR OWN RISK!
tcgetattr(): Inappropriate ioctl for device

Directory: /home/pi/TurboPi/FlaskFunctions/voices
Playing MPEG stream from sad.mp3 ...
MPEG 2.0 layer III, 160 kbit/s, 24000 Hz mono
                                                                            
[0:01] Decoding of sad.mp3 finished.
High Performance MPEG 1.0/2.0/2.5 Audio Player for Layer 1, 2, and 3.
Version 0.3.2-1 (2012/03/25). Written and copyrights by Joe Drew,
now maintained by Nanakos Chrysostomos and others.
Uses code from various people. See 'README' for more!
THIS SOFTWARE COMES WITH ABSOLUTELY NO WARRANTY! USE AT YOUR OWN RISK!
tcgetattr(): Inappropriate ioctl for device

Directory: /home/pi/TurboPi/FlaskFunctions/voices
Playing MPEG stream from happy.mp3 ...
MPEG 2.0 layer III, 160 kbit/s, 24000 Hz mono
                                                                            
[0:02] Decoding of happy.mp3 finished.
High Performance MPEG 1.0/2.0/2.5 Audio Player for Layer 1, 2, and 3.
Version 0.3.2-1 (2012/03/25). Written and copyrights by Joe Drew,
now maintained by Nanakos Chrysostomos and others.
Uses code from various people. See 'README' for more!
THIS SOFTWARE COMES WITH ABSOLUTELY NO WARRANTY! USE AT YOUR OWN RISK!
tcgetattr(): Inappropriate ioctl for device

Directory: /home/pi/TurboPi/FlaskFunctions/voices
Playing MPEG stream from fear.mp3 ...
MPEG 2.0 layer III, 160 kbit/s, 24000 Hz mono
                                                                            
[0:01] Decoding of fear.mp3 finished.
High Performance MPEG 1.0/2.0/2.5 Audio Player for Layer 1, 2, and 3.
Version 0.3.2-1 (2012/03/25). Written and copyrights by Joe Drew,
now maintained by Nanakos Chrysostomos and others.
Uses code from various people. See 'README' for more!
THIS SOFTWARE COMES WITH ABSOLUTELY NO WARRANTY! USE AT YOUR OWN RISK!
tcgetattr(): Inappropriate ioctl for device

Directory: /home/pi/TurboPi/FlaskFunctions/voices
Playing MPEG stream from neutral.mp3 ...
MPEG 2.0 layer III, 160 kbit/s, 24000 Hz mono
                                                                            
[0:01] Decoding of neutral.mp3 finished.
High Performance MPEG 1.0/2.0/2.5 Audio Player for Layer 1, 2, and 3.
Version 0.3.2-1 (2012/03/25). Written and copyrights by Joe Drew,
now maintained by Nanakos Chrysostomos and others.
Uses code from various people. See 'README' for more!
THIS SOFTWARE COMES WITH ABSOLUTELY NO WARRANTY! USE AT YOUR OWN RISK!
tcgetattr(): Inappropriate ioctl for device

Directory: /home/pi/TurboPi/FlaskFunctions/voices
Playing MPEG stream from sad.mp3 ...
MPEG 2.0 layer III, 160 kbit/s, 24000 Hz mono
                                                                            
[0:01] Decoding of sad.mp3 finished.
High Performance MPEG 1.0/2.0/2.5 Audio Player for Layer 1, 2, and 3.
Version 0.3.2-1 (2012/03/25). Written and copyrights by Joe Drew,
now maintained by Nanakos Chrysostomos and others.
Uses code from various people. See 'README' for more!
THIS SOFTWARE COMES WITH ABSOLUTELY NO WARRANTY! USE AT YOUR OWN RISK!
tcgetattr(): Inappropriate ioctl for device

Directory: /home/pi/TurboPi/FlaskFunctions/voices
Playing MPEG stream from neutral.mp3 ...
MPEG 2.0 layer III, 160 kbit/s, 24000 Hz mono
                                                                            
[0:01] Decoding of neutral.mp3 finished.
High Performance MPEG 1.0/2.0/2.5 Audio Player for Layer 1, 2, and 3.
Version 0.3.2-1 (2012/03/25). Written and copyrights by Joe Drew,
now maintained by Nanakos Chrysostomos and others.
Uses code from various people. See 'README' for more!
THIS SOFTWARE COMES WITH ABSOLUTELY NO WARRANTY! USE AT YOUR OWN RISK!
tcgetattr(): Inappropriate ioctl for device

Directory: /home/pi/TurboPi/FlaskFunctions/voices
Playing MPEG stream from neutral.mp3 ...
MPEG 2.0 layer III, 160 kbit/s, 24000 Hz mono
                                                                            
[0:01] Decoding of neutral.mp3 finished.
High Performance MPEG 1.0/2.0/2.5 Audio Player for Layer 1, 2, and 3.
Version 0.3.2-1 (2012/03/25). Written and copyrights by Joe Drew,
now maintained by Nanakos Chrysostomos and others.
Uses code from various people. See 'README' for more!
THIS SOFTWARE COMES WITH ABSOLUTELY NO WARRANTY! USE AT YOUR OWN RISK!
tcgetattr(): Inappropriate ioctl for device

Directory: /home/pi/TurboPi/FlaskFunctions/voices
Playing MPEG stream from neutral.mp3 ...
MPEG 2.0 layer III, 160 kbit/s, 24000 Hz mono
                                                                            
[0:01] Decoding of neutral.mp3 finished.
High Performance MPEG 1.0/2.0/2.5 Audio Player for Layer 1, 2, and 3.
Version 0.3.2-1 (2012/03/25). Written and copyrights by Joe Drew,
now maintained by Nanakos Chrysostomos and others.
Uses code from various people. See 'README' for more!
THIS SOFTWARE COMES WITH ABSOLUTELY NO WARRANTY! USE AT YOUR OWN RISK!
tcgetattr(): Inappropriate ioctl for device

Directory: /home/pi/TurboPi/FlaskFunctions/voices
Playing MPEG stream from neutral.mp3 ...
MPEG 2.0 layer III, 160 kbit/s, 24000 Hz mono
                                                                            
[0:01] Decoding of neutral.mp3 finished.
High Performance MPEG 1.0/2.0/2.5 Audio Player for Layer 1, 2, and 3.
Version 0.3.2-1 (2012/03/25). Written and copyrights by Joe Drew,
now maintained by Nanakos Chrysostomos and others.
Uses code from various people. See 'README' for more!
THIS SOFTWARE COMES WITH ABSOLUTELY NO WARRANTY! USE AT YOUR OWN RISK!
tcgetattr(): Inappropriate ioctl for device

Directory: /home/pi/TurboPi/FlaskFunctions/voices
Playing MPEG stream from happy.mp3 ...
MPEG 2.0 layer III, 160 kbit/s, 24000 Hz mono
                                                                            
[0:02] Decoding of happy.mp3 finished.
High Performance MPEG 1.0/2.0/2.5 Audio Player for Layer 1, 2, and 3.
Version 0.3.2-1 (2012/03/25). Written and copyrights by Joe Drew,
now maintained by Nanakos Chrysostomos and others.
Uses code from various people. See 'README' for more!
THIS SOFTWARE COMES WITH ABSOLUTELY NO WARRANTY! USE AT YOUR OWN RISK!
tcgetattr(): Inappropriate ioctl for device

Directory: /home/pi/TurboPi/FlaskFunctions/voices
Playing MPEG stream from happy.mp3 ...
MPEG 2.0 layer III, 160 kbit/s, 24000 Hz mono
                                                                            
[0:02] Decoding of happy.mp3 finished.
High Performance MPEG 1.0/2.0/2.5 Audio Player for Layer 1, 2, and 3.
Version 0.3.2-1 (2012/03/25). Written and copyrights by Joe Drew,
now maintained by Nanakos Chrysostomos and others.
Uses code from various people. See 'README' for more!
THIS SOFTWARE COMES WITH ABSOLUTELY NO WARRANTY! USE AT YOUR OWN RISK!
tcgetattr(): Inappropriate ioctl for device

Directory: /home/pi/TurboPi/FlaskFunctions/voices
Playing MPEG stream from angry.mp3 ...
MPEG 2.0 layer III, 160 kbit/s, 24000 Hz mono
                                                                            
[0:01] Decoding of angry.mp3 finished.
High Performance MPEG 1.0/2.0/2.5 Audio Player for Layer 1, 2, and 3.
Version 0.3.2-1 (2012/03/25). Written and copyrights by Joe Drew,
now maintained by Nanakos Chrysostomos and others.
Uses code from various people. See 'README' for more!
THIS SOFTWARE COMES WITH ABSOLUTELY NO WARRANTY! USE AT YOUR OWN RISK!
tcgetattr(): Inappropriate ioctl for device

Directory: /home/pi/TurboPi/FlaskFunctions/voices
Playing MPEG stream from angry.mp3 ...
MPEG 2.0 layer III, 160 kbit/s, 24000 Hz mono
                                                                            
[0:01] Decoding of angry.mp3 finished.
High Performance MPEG 1.0/2.0/2.5 Audio Player for Layer 1, 2, and 3.
Version 0.3.2-1 (2012/03/25). Written and copyrights by Joe Drew,
now maintained by Nanakos Chrysostomos and others.
Uses code from various people. See 'README' for more!
THIS SOFTWARE COMES WITH ABSOLUTELY NO WARRANTY! USE AT YOUR OWN RISK!
tcgetattr(): Inappropriate ioctl for device

Directory: /home/pi/TurboPi/FlaskFunctions/voices
Playing MPEG stream from angry.mp3 ...
MPEG 2.0 layer III, 160 kbit/s, 24000 Hz mono
                                                                            
[0:01] Decoding of angry.mp3 finished.
High Performance MPEG 1.0/2.0/2.5 Audio Player for Layer 1, 2, and 3.
Version 0.3.2-1 (2012/03/25). Written and copyrights by Joe Drew,
now maintained by Nanakos Chrysostomos and others.
Uses code from various people. See 'README' for more!
THIS SOFTWARE COMES WITH ABSOLUTELY NO WARRANTY! USE AT YOUR OWN RISK!
tcgetattr(): Inappropriate ioctl for device

Directory: /home/pi/TurboPi/FlaskFunctions/voices
Playing MPEG stream from angry.mp3 ...
MPEG 2.0 layer III, 160 kbit/s, 24000 Hz mono
                                                                            
[0:01] Decoding of angry.mp3 finished.
High Performance MPEG 1.0/2.0/2.5 Audio Player for Layer 1, 2, and 3.
Version 0.3.2-1 (2012/03/25). Written and copyrights by Joe Drew,
now maintained by Nanakos Chrysostomos and others.
Uses code from various people. See 'README' for more!
THIS SOFTWARE COMES WITH ABSOLUTELY NO WARRANTY! USE AT YOUR OWN RISK!
tcgetattr(): Inappropriate ioctl for device

Directory: /home/pi/TurboPi/FlaskFunctions/voices
Playing MPEG stream from angry.mp3 ...
MPEG 2.0 layer III, 160 kbit/s, 24000 Hz mono
